2022-09-07 18:40:30.589  INFO 3476 --- [main] c.c.a.recipe.it.RecipeIntegrationTest    : Starting RecipeIntegrationTest using Java 15.0.1 on DESKTOP-GJDGKV8 with PID 3476 (started by prant in E:\cgi\recipe-services)
2022-09-07 18:40:30.598  INFO 3476 --- [main] c.c.a.recipe.it.RecipeIntegrationTest    : The following 1 profile is active: "prod"
2022-09-07 18:40:33.374  INFO 3476 --- [main] .s.d.r.c.RepositoryConfigurationDelegate : Bootstrapping Spring Data MongoDB repositories in DEFAULT mode.
2022-09-07 18:40:33.444  INFO 3476 --- [main] .s.d.r.c.RepositoryConfigurationDelegate : Finished Spring Data repository scanning in 64 ms. Found 1 MongoDB repository interfaces.
2022-09-07 18:40:35.215  INFO 3476 --- [main] org.mongodb.driver.client                : MongoClient with metadata {"driver": {"name": "mongo-java-driver|sync|spring-boot", "version": "4.6.1"}, "os": {"type": "Windows", "name": "Windows 10", "architecture": "amd64", "version": "10.0"}, "platform": "Java/Oracle Corporation/15.0.1+9-18"} created with settings MongoClientSettings{readPreference=primary, writeConcern=WriteConcern{w=null, wTimeout=null ms, journal=null}, retryWrites=true, retryReads=true, readConcern=ReadConcern{level=null}, credential=null, streamFactoryFactory=null, commandListeners=[io.micrometer.core.instrument.binder.mongodb.MongoMetricsCommandListener@790d8fdd], codecRegistry=ProvidersCodecRegistry{codecProviders=[ValueCodecProvider{}, BsonValueCodecProvider{}, DBRefCodecProvider{}, DBObjectCodecProvider{}, DocumentCodecProvider{}, IterableCodecProvider{}, MapCodecProvider{}, GeoJsonCodecProvider{}, GridFSFileCodecProvider{}, Jsr310CodecProvider{}, JsonObjectCodecProvider{}, BsonCodecProvider{}, EnumCodecProvider{}, com.mongodb.Jep395RecordCodecProvider@6403a4a5]}, clusterSettings={hosts=[localhost:27017], srvServiceName=mongodb, mode=SINGLE, requiredClusterType=UNKNOWN, requiredReplicaSetName='null', serverSelector='null', clusterListeners='[]', serverSelectionTimeout='30000 ms', localThreshold='30000 ms'}, socketSettings=SocketSettings{connectTimeoutMS=10000, readTimeoutMS=0, receiveBufferSize=0, sendBufferSize=0}, heartbeatSocketSettings=SocketSettings{connectTimeoutMS=10000, readTimeoutMS=10000, receiveBufferSize=0, sendBufferSize=0}, connectionPoolSettings=ConnectionPoolSettings{maxSize=100, minSize=0, maxWaitTimeMS=120000, maxConnectionLifeTimeMS=0, maxConnectionIdleTimeMS=0, maintenanceInitialDelayMS=0, maintenanceFrequencyMS=60000, connectionPoolListeners=[io.micrometer.core.instrument.binder.mongodb.MongoMetricsConnectionPoolListener@3dbd7107], maxConnecting=2}, serverSettings=ServerSettings{heartbeatFrequencyMS=10000, minHeartbeatFrequencyMS=500, serverListeners='[]', serverMonitorListeners='[]'}, sslSettings=SslSettings{enabled=false, invalidHostNameAllowed=false, context=null}, applicationName='null', compressorList=[], uuidRepresentation=JAVA_LEGACY, serverApi=null, autoEncryptionSettings=null, contextProvider=null}
2022-09-07 18:40:35.328  INFO 3476 --- [cluster-ClusterId{value='6318984beae3445b6b2d5958', description='null'}-localhost:27017] org.mongodb.driver.connection            : Opened connection [connectionId{localValue:1, serverValue:406}] to localhost:27017
2022-09-07 18:40:35.329  INFO 3476 --- [cluster-rtt-ClusterId{value='6318984beae3445b6b2d5958', description='null'}-localhost:27017] org.mongodb.driver.connection            : Opened connection [connectionId{localValue:2, serverValue:405}] to localhost:27017
2022-09-07 18:40:35.330  INFO 3476 --- [cluster-ClusterId{value='6318984beae3445b6b2d5958', description='null'}-localhost:27017] org.mongodb.driver.cluster               : Monitor thread successfully connected to server with description ServerDescription{address=localhost:27017, type=STANDALONE, state=CONNECTED, ok=true, minWireVersion=0, maxWireVersion=17, maxDocumentSize=16777216, logicalSessionTimeoutMinutes=30, roundTripTimeNanos=69196600}
2022-09-07 18:40:39.155  INFO 3476 --- [main] o.s.b.a.e.web.EndpointLinksResolver      : Exposing 1 endpoint(s) beneath base path '/actuator'
2022-09-07 18:40:39.329  INFO 3476 --- [main] c.c.a.recipe.it.RecipeIntegrationTest    : Started RecipeIntegrationTest in 9.285 seconds (JVM running for 14.202)
2022-09-07 18:40:40.416  INFO 3476 --- [main] c.c.a.r.controller.RecipeController      : invoke save()
2022-09-07 18:40:40.417  INFO 3476 --- [main] c.c.a.r.s.impl.RecipeServicesImpl        : invoke save()
2022-09-07 18:40:40.419  INFO 3476 --- [main] c.c.a.r.utilities.ConversionUtility      : invoke convertFromSourceToTargetBean()
2022-09-07 18:40:40.577  INFO 3476 --- [main] org.mongodb.driver.connection            : Opened connection [connectionId{localValue:3, serverValue:407}] to localhost:27017
2022-09-07 18:40:40.687  INFO 3476 --- [main] c.c.a.r.utilities.ConversionUtility      : invoke convertFromSourceToTargetBean()
2022-09-07 18:40:40.701  INFO 3476 --- [main] c.c.a.r.controller.RecipeController      : invoke search()
2022-09-07 18:40:40.702  INFO 3476 --- [main] c.c.a.r.s.impl.RecipeServicesImpl        : invoke search()
2022-09-07 18:40:40.763  INFO 3476 --- [main] c.c.a.r.u.RecipeConversionUtility        : invoke convertFromEntityToDTO()
2022-09-07 18:40:40.764  INFO 3476 --- [main] c.c.a.r.utilities.ConversionUtility      : invoke convertFromSourceToTargetBean()
2022-09-07 18:40:40.765  INFO 3476 --- [main] c.c.a.r.utilities.ConversionUtility      : invoke convertFromSourceToTargetBean()
2022-09-07 18:40:40.765  INFO 3476 --- [main] c.c.a.r.utilities.ConversionUtility      : invoke convertFromSourceToTargetBean()
2022-09-07 18:40:40.765  INFO 3476 --- [main] c.c.a.r.utilities.ConversionUtility      : invoke convertFromSourceToTargetBean()
2022-09-07 18:40:40.766  INFO 3476 --- [main] c.c.a.r.utilities.ConversionUtility      : invoke convertFromSourceToTargetBean()
2022-09-07 18:40:40.766  INFO 3476 --- [main] c.c.a.r.utilities.ConversionUtility      : invoke convertFromSourceToTargetBean()
2022-09-07 18:40:40.767  INFO 3476 --- [main] c.c.a.r.utilities.ConversionUtility      : invoke convertFromSourceToTargetBean()
2022-09-07 18:40:40.951  INFO 3476 --- [main] c.c.a.r.controller.RecipeController      : invoke delete()
2022-09-07 18:40:40.952  INFO 3476 --- [main] c.c.a.r.s.impl.RecipeServicesImpl        : invoke delete()
2022-09-07 18:40:41.074  INFO 3476 --- [main] .b.t.c.SpringBootTestContextBootstrapper : Neither @ContextConfiguration nor @ContextHierarchy found for test class [com.cgi.assesment.recipe.RecipeServicesApplicationTests], using SpringBootContextLoader
2022-09-07 18:40:41.076  INFO 3476 --- [main] o.s.t.c.support.AbstractContextLoader    : Could not detect default resource locations for test class [com.cgi.assesment.recipe.RecipeServicesApplicationTests]: no resource found for suffixes {-context.xml, Context.groovy}.
2022-09-07 18:40:41.076  INFO 3476 --- [main] t.c.s.AnnotationConfigContextLoaderUtils : Could not detect default configuration classes for test class [com.cgi.assesment.recipe.RecipeServicesApplicationTests]: RecipeServicesApplicationTests does not declare any static, non-private, non-final, nested classes annotated with @Configuration.
2022-09-07 18:40:41.082  INFO 3476 --- [main] .b.t.c.SpringBootTestContextBootstrapper : Found @SpringBootConfiguration com.cgi.assesment.recipe.RecipeServicesApplication for test class com.cgi.assesment.recipe.RecipeServicesApplicationTests
2022-09-07 18:40:41.089  INFO 3476 --- [main] .b.t.c.SpringBootTestContextBootstrapper : Loaded default TestExecutionListener class names from location [META-INF/spring.factories]: [org.springframework.boot.test.mock.mockito.MockitoTestExecutionListener, org.springframework.boot.test.mock.mockito.ResetMocksTestExecutionListener, org.springframework.boot.test.autoconfigure.restdocs.RestDocsTestExecutionListener, org.springframework.boot.test.autoconfigure.web.client.MockRestServiceServerResetTestExecutionListener, org.springframework.boot.test.autoconfigure.web.servlet.MockMvcPrintOnlyOnFailureTestExecutionListener, org.springframework.boot.test.autoconfigure.web.servlet.WebDriverTestExecutionListener, org.springframework.boot.test.autoconfigure.webservices.client.MockWebServiceServerTestExecutionListener, org.springframework.test.context.web.ServletTestExecutionListener, org.springframework.test.context.support.DirtiesContextBeforeModesTestExecutionListener, org.springframework.test.context.event.ApplicationEventsTestExecutionListener, org.springframework.test.context.support.DependencyInjectionTestExecutionListener, org.springframework.test.context.support.DirtiesContextTestExecutionListener, org.springframework.test.context.transaction.TransactionalTestExecutionListener, org.springframework.test.context.jdbc.SqlScriptsTestExecutionListener, org.springframework.test.context.event.EventPublishingTestExecutionListener]
2022-09-07 18:40:41.093  INFO 3476 --- [main] .b.t.c.SpringBootTestContextBootstrapper : Using TestExecutionListeners: [org.springframework.test.context.web.ServletTestExecutionListener@1859b996, org.springframework.test.context.support.DirtiesContextBeforeModesTestExecutionListener@71098fb3, org.springframework.test.context.event.ApplicationEventsTestExecutionListener@75e92bb7, org.springframework.boot.test.mock.mockito.MockitoTestExecutionListener@2ebcbf9d, org.springframework.boot.test.autoconfigure.SpringBootDependencyInjectionTestExecutionListener@7bfc36d5, org.springframework.test.context.support.DirtiesContextTestExecutionListener@46b55a0e, org.springframework.test.context.transaction.TransactionalTestExecutionListener@7abd75fc, org.springframework.test.context.jdbc.SqlScriptsTestExecutionListener@31b67d61, org.springframework.test.context.event.EventPublishingTestExecutionListener@2b66bf1c, org.springframework.boot.test.mock.mockito.ResetMocksTestExecutionListener@47eff554, org.springframework.boot.test.autoconfigure.restdocs.RestDocsTestExecutionListener@56ec6ac0, org.springframework.boot.test.autoconfigure.web.client.MockRestServiceServerResetTestExecutionListener@54b35809, org.springframework.boot.test.autoconfigure.web.servlet.MockMvcPrintOnlyOnFailureTestExecutionListener@4a3383dc, org.springframework.boot.test.autoconfigure.web.servlet.WebDriverTestExecutionListener@72ce8a9b, org.springframework.boot.test.autoconfigure.webservices.client.MockWebServiceServerTestExecutionListener@47c15468]
2022-09-07 18:41:42.508  INFO 22052 --- [main] c.c.a.recipe.RecipeServicesApplication   : Starting RecipeServicesApplication using Java 15.0.1 on DESKTOP-GJDGKV8 with PID 22052 (E:\cgi\recipe-services\target\classes started by prant in E:\cgi\recipe-services)
2022-09-07 18:41:42.511  INFO 22052 --- [main] c.c.a.recipe.RecipeServicesApplication   : The following 1 profile is active: "prod"
2022-09-07 18:41:43.603  INFO 22052 --- [main] .s.d.r.c.RepositoryConfigurationDelegate : Bootstrapping Spring Data MongoDB repositories in DEFAULT mode.
2022-09-07 18:41:43.662  INFO 22052 --- [main] .s.d.r.c.RepositoryConfigurationDelegate : Finished Spring Data repository scanning in 50 ms. Found 1 MongoDB repository interfaces.
2022-09-07 18:41:44.345  INFO 22052 --- [main] o.s.b.w.embedded.tomcat.TomcatWebServer  : Tomcat initialized with port(s): 8888 (http)
2022-09-07 18:41:44.371  INFO 22052 --- [main] o.apache.catalina.core.StandardService   : Starting service [Tomcat]
2022-09-07 18:41:44.372  INFO 22052 --- [main] org.apache.catalina.core.StandardEngine  : Starting Servlet engine: [Apache Tomcat/9.0.65]
2022-09-07 18:41:44.824  INFO 22052 --- [main] o.a.c.c.C.[Tomcat].[localhost].[/]       : Initializing Spring embedded WebApplicationContext
2022-09-07 18:41:44.825  INFO 22052 --- [main] w.s.c.ServletWebServerApplicationContext : Root WebApplicationContext: initialization completed in 2266 ms
2022-09-07 18:41:45.437  INFO 22052 --- [main] org.mongodb.driver.client                : MongoClient with metadata {"driver": {"name": "mongo-java-driver|sync|spring-boot", "version": "4.6.1"}, "os": {"type": "Windows", "name": "Windows 10", "architecture": "amd64", "version": "10.0"}, "platform": "Java/Oracle Corporation/15.0.1+9-18"} created with settings MongoClientSettings{readPreference=primary, writeConcern=WriteConcern{w=null, wTimeout=null ms, journal=null}, retryWrites=true, retryReads=true, readConcern=ReadConcern{level=null}, credential=null, streamFactoryFactory=null, commandListeners=[io.micrometer.core.instrument.binder.mongodb.MongoMetricsCommandListener@34a6d9db], codecRegistry=ProvidersCodecRegistry{codecProviders=[ValueCodecProvider{}, BsonValueCodecProvider{}, DBRefCodecProvider{}, DBObjectCodecProvider{}, DocumentCodecProvider{}, IterableCodecProvider{}, MapCodecProvider{}, GeoJsonCodecProvider{}, GridFSFileCodecProvider{}, Jsr310CodecProvider{}, JsonObjectCodecProvider{}, BsonCodecProvider{}, EnumCodecProvider{}, com.mongodb.Jep395RecordCodecProvider@52ecc989]}, clusterSettings={hosts=[localhost:27017], srvServiceName=mongodb, mode=SINGLE, requiredClusterType=UNKNOWN, requiredReplicaSetName='null', serverSelector='null', clusterListeners='[]', serverSelectionTimeout='30000 ms', localThreshold='30000 ms'}, socketSettings=SocketSettings{connectTimeoutMS=10000, readTimeoutMS=0, receiveBufferSize=0, sendBufferSize=0}, heartbeatSocketSettings=SocketSettings{connectTimeoutMS=10000, readTimeoutMS=10000, receiveBufferSize=0, sendBufferSize=0}, connectionPoolSettings=ConnectionPoolSettings{maxSize=100, minSize=0, maxWaitTimeMS=120000, maxConnectionLifeTimeMS=0, maxConnectionIdleTimeMS=0, maintenanceInitialDelayMS=0, maintenanceFrequencyMS=60000, connectionPoolListeners=[io.micrometer.core.instrument.binder.mongodb.MongoMetricsConnectionPoolListener@756808cc], maxConnecting=2}, serverSettings=ServerSettings{heartbeatFrequencyMS=10000, minHeartbeatFrequencyMS=500, serverListeners='[]', serverMonitorListeners='[]'}, sslSettings=SslSettings{enabled=false, invalidHostNameAllowed=false, context=null}, applicationName='null', compressorList=[], uuidRepresentation=JAVA_LEGACY, serverApi=null, autoEncryptionSettings=null, contextProvider=null}
2022-09-07 18:41:45.447  INFO 22052 --- [cluster-rtt-ClusterId{value='6318989180669927c2e0bc34', description='null'}-localhost:27017] org.mongodb.driver.connection            : Opened connection [connectionId{localValue:2, serverValue:408}] to localhost:27017
2022-09-07 18:41:45.446  INFO 22052 --- [cluster-ClusterId{value='6318989180669927c2e0bc34', description='null'}-localhost:27017] org.mongodb.driver.connection            : Opened connection [connectionId{localValue:1, serverValue:409}] to localhost:27017
2022-09-07 18:41:59.324  INFO 22052 --- [cluster-ClusterId{value='6318989180669927c2e0bc34', description='null'}-localhost:27017] org.mongodb.driver.cluster               : Monitor thread successfully connected to server with description ServerDescription{address=localhost:27017, type=STANDALONE, state=CONNECTED, ok=true, minWireVersion=0, maxWireVersion=17, maxDocumentSize=16777216, logicalSessionTimeoutMinutes=30, roundTripTimeNanos=25774800}
2022-09-07 18:42:01.732  INFO 22052 --- [main] o.s.b.a.e.web.EndpointLinksResolver      : Exposing 1 endpoint(s) beneath base path '/actuator'
2022-09-07 18:42:01.812  INFO 22052 --- [main] o.s.b.w.embedded.tomcat.TomcatWebServer  : Tomcat started on port(s): 8888 (http) with context path ''
2022-09-07 18:42:01.837  INFO 22052 --- [main] c.c.a.recipe.RecipeServicesApplication   : Started RecipeServicesApplication in 19.803 seconds (JVM running for 21.063)
2022-09-07 18:42:02.529  INFO 22052 --- [RMI TCP Connection(3)-127.0.0.1] o.a.c.c.C.[Tomcat].[localhost].[/]       : Initializing Spring DispatcherServlet 'dispatcherServlet'
2022-09-07 18:42:02.530  INFO 22052 --- [RMI TCP Connection(3)-127.0.0.1] o.s.web.servlet.DispatcherServlet        : Initializing Servlet 'dispatcherServlet'
2022-09-07 18:42:02.532  INFO 22052 --- [RMI TCP Connection(3)-127.0.0.1] o.s.web.servlet.DispatcherServlet        : Completed initialization in 2 ms
2022-09-07 18:43:55.461  INFO 22052 --- [http-nio-8888-exec-1] o.springdoc.api.AbstractOpenApiResource  : Init duration for springdoc-openapi is: 931 ms
2022-09-07 18:44:06.167  INFO 22052 --- [http-nio-8888-exec-6] c.c.a.r.controller.RecipeController      : invoke search()
2022-09-07 18:44:06.168  INFO 22052 --- [http-nio-8888-exec-6] c.c.a.r.s.impl.RecipeServicesImpl        : invoke search()
2022-09-07 18:44:06.251  INFO 22052 --- [http-nio-8888-exec-6] org.mongodb.driver.connection            : Opened connection [connectionId{localValue:3, serverValue:410}] to localhost:27017
2022-09-07 18:44:06.344  INFO 22052 --- [http-nio-8888-exec-6] c.c.a.r.u.RecipeConversionUtility        : invoke convertFromEntityToDTO()
2022-09-07 18:44:06.345  INFO 22052 --- [http-nio-8888-exec-6] c.c.a.r.utilities.ConversionUtility      : invoke convertFromSourceToTargetBean()
2022-09-07 18:44:06.345  INFO 22052 --- [http-nio-8888-exec-6] c.c.a.r.utilities.ConversionUtility      : invoke convertFromSourceToTargetBean()
2022-09-07 18:44:06.346  INFO 22052 --- [http-nio-8888-exec-6] c.c.a.r.utilities.ConversionUtility      : invoke convertFromSourceToTargetBean()
2022-09-07 18:44:06.346  INFO 22052 --- [http-nio-8888-exec-6] c.c.a.r.utilities.ConversionUtility      : invoke convertFromSourceToTargetBean()
2022-09-07 18:44:06.346  INFO 22052 --- [http-nio-8888-exec-6] c.c.a.r.utilities.ConversionUtility      : invoke convertFromSourceToTargetBean()
2022-09-07 18:44:06.346  INFO 22052 --- [http-nio-8888-exec-6] c.c.a.r.utilities.ConversionUtility      : invoke convertFromSourceToTargetBean()
2022-09-07 18:44:35.116  INFO 22052 --- [http-nio-8888-exec-8] c.c.a.r.controller.RecipeController      : invoke search()
2022-09-07 18:44:35.117  INFO 22052 --- [http-nio-8888-exec-8] c.c.a.r.s.impl.RecipeServicesImpl        : invoke search()
2022-09-07 18:44:35.218  INFO 22052 --- [http-nio-8888-exec-8] c.c.a.r.u.RecipeConversionUtility        : invoke convertFromEntityToDTO()
2022-09-07 18:44:35.218  INFO 22052 --- [http-nio-8888-exec-8] c.c.a.r.utilities.ConversionUtility      : invoke convertFromSourceToTargetBean()
2022-09-07 18:44:35.219  INFO 22052 --- [http-nio-8888-exec-8] c.c.a.r.utilities.ConversionUtility      : invoke convertFromSourceToTargetBean()
2022-09-07 18:44:35.219  INFO 22052 --- [http-nio-8888-exec-8] c.c.a.r.utilities.ConversionUtility      : invoke convertFromSourceToTargetBean()
2022-09-07 18:44:35.219  INFO 22052 --- [http-nio-8888-exec-8] c.c.a.r.utilities.ConversionUtility      : invoke convertFromSourceToTargetBean()
2022-09-07 18:44:35.220  INFO 22052 --- [http-nio-8888-exec-8] c.c.a.r.utilities.ConversionUtility      : invoke convertFromSourceToTargetBean()
